   1               		.file	"timer.c"
   2               	__SP_H__ = 0x3e
   3               	__SP_L__ = 0x3d
   4               	__SREG__ = 0x3f
   5               	__RAMPZ__ = 0x3b
   6               	__tmp_reg__ = 0
   7               	__zero_reg__ = 1
   8               		.text
   9               	.Ltext0:
  10               		.cfi_sections	.debug_frame
  11               		.section	.text.timer_init,"ax",@progbits
  12               	.global	timer_init
  14               	timer_init:
  15               	.LFB0:
  16               		.file 1 "./tmk_keyboard/tmk_core/common/avr/timer.c"
   1:./tmk_keyboard/tmk_core/common/avr/timer.c **** /*
   2:./tmk_keyboard/tmk_core/common/avr/timer.c **** Copyright 2011 Jun Wako <wakojun@gmail.com>
   3:./tmk_keyboard/tmk_core/common/avr/timer.c **** 
   4:./tmk_keyboard/tmk_core/common/avr/timer.c **** This program is free software: you can redistribute it and/or modify
   5:./tmk_keyboard/tmk_core/common/avr/timer.c **** it under the terms of the GNU General Public License as published by
   6:./tmk_keyboard/tmk_core/common/avr/timer.c **** the Free Software Foundation, either version 2 of the License, or
   7:./tmk_keyboard/tmk_core/common/avr/timer.c **** (at your option) any later version.
   8:./tmk_keyboard/tmk_core/common/avr/timer.c **** 
   9:./tmk_keyboard/tmk_core/common/avr/timer.c **** This program is distributed in the hope that it will be useful,
  10:./tmk_keyboard/tmk_core/common/avr/timer.c **** but WITHOUT ANY WARRANTY; without even the implied warranty of
  11:./tmk_keyboard/tmk_core/common/avr/timer.c **** MERCHANTABILITY or FITNESS FOR A PARTICULAR PURPOSE.  See the
  12:./tmk_keyboard/tmk_core/common/avr/timer.c **** GNU General Public License for more details.
  13:./tmk_keyboard/tmk_core/common/avr/timer.c **** 
  14:./tmk_keyboard/tmk_core/common/avr/timer.c **** You should have received a copy of the GNU General Public License
  15:./tmk_keyboard/tmk_core/common/avr/timer.c **** along with this program.  If not, see <http://www.gnu.org/licenses/>.
  16:./tmk_keyboard/tmk_core/common/avr/timer.c **** */
  17:./tmk_keyboard/tmk_core/common/avr/timer.c **** 
  18:./tmk_keyboard/tmk_core/common/avr/timer.c **** #include <avr/io.h>
  19:./tmk_keyboard/tmk_core/common/avr/timer.c **** #include <avr/interrupt.h>
  20:./tmk_keyboard/tmk_core/common/avr/timer.c **** #include <stdint.h>
  21:./tmk_keyboard/tmk_core/common/avr/timer.c **** #include "timer_avr.h"
  22:./tmk_keyboard/tmk_core/common/avr/timer.c **** #include "timer.h"
  23:./tmk_keyboard/tmk_core/common/avr/timer.c **** 
  24:./tmk_keyboard/tmk_core/common/avr/timer.c **** 
  25:./tmk_keyboard/tmk_core/common/avr/timer.c **** // counter resolution 1ms
  26:./tmk_keyboard/tmk_core/common/avr/timer.c **** // NOTE: union { uint32_t timer32; struct { uint16_t dummy; uint16_t timer16; }}
  27:./tmk_keyboard/tmk_core/common/avr/timer.c **** volatile uint32_t timer_count = 0;
  28:./tmk_keyboard/tmk_core/common/avr/timer.c **** 
  29:./tmk_keyboard/tmk_core/common/avr/timer.c **** void timer_init(void)
  30:./tmk_keyboard/tmk_core/common/avr/timer.c **** {
  17               		.loc 1 30 1 view -0
  18               		.cfi_startproc
  19               	/* prologue: function */
  20               	/* frame size = 0 */
  21               	/* stack size = 0 */
  22               	.L__stack_usage = 0
  31:./tmk_keyboard/tmk_core/common/avr/timer.c ****     // Timer0 CTC mode
  32:./tmk_keyboard/tmk_core/common/avr/timer.c ****     TCCR0A = 0x02;
  23               		.loc 1 32 5 view .LVU1
  24               		.loc 1 32 12 is_stmt 0 view .LVU2
  25 0000 82E0      		ldi r24,lo8(2)
  26 0002 84BD      		out 0x24,r24
  33:./tmk_keyboard/tmk_core/common/avr/timer.c **** 
  34:./tmk_keyboard/tmk_core/common/avr/timer.c **** #if TIMER_PRESCALER == 1
  35:./tmk_keyboard/tmk_core/common/avr/timer.c ****     TCCR0B = 0x01;
  36:./tmk_keyboard/tmk_core/common/avr/timer.c **** #elif TIMER_PRESCALER == 8
  37:./tmk_keyboard/tmk_core/common/avr/timer.c ****     TCCR0B = 0x02;
  38:./tmk_keyboard/tmk_core/common/avr/timer.c **** #elif TIMER_PRESCALER == 64
  39:./tmk_keyboard/tmk_core/common/avr/timer.c ****     TCCR0B = 0x03;
  27               		.loc 1 39 5 is_stmt 1 view .LVU3
  28               		.loc 1 39 12 is_stmt 0 view .LVU4
  29 0004 93E0      		ldi r25,lo8(3)
  30 0006 95BD      		out 0x25,r25
  40:./tmk_keyboard/tmk_core/common/avr/timer.c **** #elif TIMER_PRESCALER == 256
  41:./tmk_keyboard/tmk_core/common/avr/timer.c ****     TCCR0B = 0x04;
  42:./tmk_keyboard/tmk_core/common/avr/timer.c **** #elif TIMER_PRESCALER == 1024
  43:./tmk_keyboard/tmk_core/common/avr/timer.c ****     TCCR0B = 0x05;
  44:./tmk_keyboard/tmk_core/common/avr/timer.c **** #else
  45:./tmk_keyboard/tmk_core/common/avr/timer.c **** #   error "Timer prescaler value is NOT vaild."
  46:./tmk_keyboard/tmk_core/common/avr/timer.c **** #endif
  47:./tmk_keyboard/tmk_core/common/avr/timer.c **** 
  48:./tmk_keyboard/tmk_core/common/avr/timer.c ****     OCR0A = TIMER_RAW_TOP;
  31               		.loc 1 48 5 is_stmt 1 view .LVU5
  32               		.loc 1 48 11 is_stmt 0 view .LVU6
  33 0008 9AEF      		ldi r25,lo8(-6)
  34 000a 97BD      		out 0x27,r25
  49:./tmk_keyboard/tmk_core/common/avr/timer.c ****     TIMSK0 = (1<<OCIE0A);
  35               		.loc 1 49 5 is_stmt 1 view .LVU7
  36               		.loc 1 49 12 is_stmt 0 view .LVU8
  37 000c 8093 6E00 		sts 110,r24
  38               	/* epilogue start */
  50:./tmk_keyboard/tmk_core/common/avr/timer.c **** }
  39               		.loc 1 50 1 view .LVU9
  40 0010 0895      		ret
  41               		.cfi_endproc
  42               	.LFE0:
  44               		.section	.text.timer_clear,"ax",@progbits
  45               	.global	timer_clear
  47               	timer_clear:
  48               	.LFB1:
  51:./tmk_keyboard/tmk_core/common/avr/timer.c **** 
  52:./tmk_keyboard/tmk_core/common/avr/timer.c **** inline
  53:./tmk_keyboard/tmk_core/common/avr/timer.c **** void timer_clear(void)
  54:./tmk_keyboard/tmk_core/common/avr/timer.c **** {
  49               		.loc 1 54 1 is_stmt 1 view -0
  50               		.cfi_startproc
  51               	/* prologue: function */
  52               	/* frame size = 0 */
  53               	/* stack size = 0 */
  54               	.L__stack_usage = 0
  55:./tmk_keyboard/tmk_core/common/avr/timer.c ****     uint8_t sreg = SREG;
  55               		.loc 1 55 5 view .LVU11
  56               		.loc 1 55 13 is_stmt 0 view .LVU12
  57 0000 8FB7      		in r24,__SREG__
  58               	.LVL0:
  56:./tmk_keyboard/tmk_core/common/avr/timer.c ****     cli();
  59               		.loc 1 56 5 is_stmt 1 view .LVU13
  60               	/* #APP */
  61               	 ;  56 "./tmk_keyboard/tmk_core/common/avr/timer.c" 1
  62 0002 F894      		cli
  63               	 ;  0 "" 2
  57:./tmk_keyboard/tmk_core/common/avr/timer.c ****     timer_count = 0;
  64               		.loc 1 57 5 view .LVU14
  65               		.loc 1 57 17 is_stmt 0 view .LVU15
  66               	/* #NOAPP */
  67 0004 1092 0000 		sts timer_count,__zero_reg__
  68 0008 1092 0000 		sts timer_count+1,__zero_reg__
  69 000c 1092 0000 		sts timer_count+2,__zero_reg__
  70 0010 1092 0000 		sts timer_count+3,__zero_reg__
  58:./tmk_keyboard/tmk_core/common/avr/timer.c ****     SREG = sreg;
  71               		.loc 1 58 5 is_stmt 1 view .LVU16
  72               		.loc 1 58 10 is_stmt 0 view .LVU17
  73 0014 8FBF      		out __SREG__,r24
  74               	/* epilogue start */
  59:./tmk_keyboard/tmk_core/common/avr/timer.c **** }
  75               		.loc 1 59 1 view .LVU18
  76 0016 0895      		ret
  77               		.cfi_endproc
  78               	.LFE1:
  80               		.section	.text.timer_read,"ax",@progbits
  81               	.global	timer_read
  83               	timer_read:
  84               	.LFB2:
  60:./tmk_keyboard/tmk_core/common/avr/timer.c **** 
  61:./tmk_keyboard/tmk_core/common/avr/timer.c **** inline
  62:./tmk_keyboard/tmk_core/common/avr/timer.c **** uint16_t timer_read(void)
  63:./tmk_keyboard/tmk_core/common/avr/timer.c **** {
  85               		.loc 1 63 1 is_stmt 1 view -0
  86               		.cfi_startproc
  87               	/* prologue: function */
  88               	/* frame size = 0 */
  89               	/* stack size = 0 */
  90               	.L__stack_usage = 0
  64:./tmk_keyboard/tmk_core/common/avr/timer.c ****     uint32_t t;
  91               		.loc 1 64 5 view .LVU20
  65:./tmk_keyboard/tmk_core/common/avr/timer.c **** 
  66:./tmk_keyboard/tmk_core/common/avr/timer.c ****     uint8_t sreg = SREG;
  92               		.loc 1 66 5 view .LVU21
  93               		.loc 1 66 13 is_stmt 0 view .LVU22
  94 0000 2FB7      		in r18,__SREG__
  95               	.LVL1:
  67:./tmk_keyboard/tmk_core/common/avr/timer.c ****     cli();
  96               		.loc 1 67 5 is_stmt 1 view .LVU23
  97               	/* #APP */
  98               	 ;  67 "./tmk_keyboard/tmk_core/common/avr/timer.c" 1
  99 0002 F894      		cli
 100               	 ;  0 "" 2
  68:./tmk_keyboard/tmk_core/common/avr/timer.c ****     t = timer_count;
 101               		.loc 1 68 5 view .LVU24
 102               		.loc 1 68 7 is_stmt 0 view .LVU25
 103               	/* #NOAPP */
 104 0004 8091 0000 		lds r24,timer_count
 105 0008 9091 0000 		lds r25,timer_count+1
 106 000c A091 0000 		lds r26,timer_count+2
 107 0010 B091 0000 		lds r27,timer_count+3
  69:./tmk_keyboard/tmk_core/common/avr/timer.c ****     SREG = sreg;
 108               		.loc 1 69 5 is_stmt 1 view .LVU26
 109               		.loc 1 69 10 is_stmt 0 view .LVU27
 110 0014 2FBF      		out __SREG__,r18
  70:./tmk_keyboard/tmk_core/common/avr/timer.c **** 
  71:./tmk_keyboard/tmk_core/common/avr/timer.c ****     return (t & 0xFFFF);
 111               		.loc 1 71 5 is_stmt 1 view .LVU28
 112               	/* epilogue start */
  72:./tmk_keyboard/tmk_core/common/avr/timer.c **** }
 113               		.loc 1 72 1 is_stmt 0 view .LVU29
 114 0016 0895      		ret
 115               		.cfi_endproc
 116               	.LFE2:
 118               		.section	.text.timer_read32,"ax",@progbits
 119               	.global	timer_read32
 121               	timer_read32:
 122               	.LFB3:
  73:./tmk_keyboard/tmk_core/common/avr/timer.c **** 
  74:./tmk_keyboard/tmk_core/common/avr/timer.c **** inline
  75:./tmk_keyboard/tmk_core/common/avr/timer.c **** uint32_t timer_read32(void)
  76:./tmk_keyboard/tmk_core/common/avr/timer.c **** {
 123               		.loc 1 76 1 is_stmt 1 view -0
 124               		.cfi_startproc
 125 0000 CF93      		push r28
 126               	.LCFI0:
 127               		.cfi_def_cfa_offset 3
 128               		.cfi_offset 28, -2
 129 0002 DF93      		push r29
 130               	.LCFI1:
 131               		.cfi_def_cfa_offset 4
 132               		.cfi_offset 29, -3
 133 0004 00D0      		rcall .
 134 0006 00D0      		rcall .
 135               	.LCFI2:
 136               		.cfi_def_cfa_offset 8
 137 0008 CDB7      		in r28,__SP_L__
 138 000a DEB7      		in r29,__SP_H__
 139               	.LCFI3:
 140               		.cfi_def_cfa_register 28
 141               	/* prologue: function */
 142               	/* frame size = 4 */
 143               	/* stack size = 6 */
 144               	.L__stack_usage = 6
  77:./tmk_keyboard/tmk_core/common/avr/timer.c ****     uint32_t t;
 145               		.loc 1 77 5 view .LVU31
  78:./tmk_keyboard/tmk_core/common/avr/timer.c **** 
  79:./tmk_keyboard/tmk_core/common/avr/timer.c ****     uint8_t sreg = SREG;
 146               		.loc 1 79 5 view .LVU32
 147               		.loc 1 79 13 is_stmt 0 view .LVU33
 148 000c 8FB7      		in r24,__SREG__
 149               	.LVL2:
  80:./tmk_keyboard/tmk_core/common/avr/timer.c ****     cli();
 150               		.loc 1 80 5 is_stmt 1 view .LVU34
 151               	/* #APP */
 152               	 ;  80 "./tmk_keyboard/tmk_core/common/avr/timer.c" 1
 153 000e F894      		cli
 154               	 ;  0 "" 2
  81:./tmk_keyboard/tmk_core/common/avr/timer.c ****     t = timer_count;
 155               		.loc 1 81 5 view .LVU35
 156               		.loc 1 81 7 is_stmt 0 view .LVU36
 157               	/* #NOAPP */
 158 0010 2091 0000 		lds r18,timer_count
 159 0014 3091 0000 		lds r19,timer_count+1
 160 0018 4091 0000 		lds r20,timer_count+2
 161 001c 5091 0000 		lds r21,timer_count+3
 162 0020 2983      		std Y+1,r18
 163 0022 3A83      		std Y+2,r19
 164 0024 4B83      		std Y+3,r20
 165 0026 5C83      		std Y+4,r21
 166               	.LVL3:
  82:./tmk_keyboard/tmk_core/common/avr/timer.c ****     SREG = sreg;
 167               		.loc 1 82 5 is_stmt 1 view .LVU37
 168               		.loc 1 82 10 is_stmt 0 view .LVU38
 169 0028 8FBF      		out __SREG__,r24
  83:./tmk_keyboard/tmk_core/common/avr/timer.c **** 
  84:./tmk_keyboard/tmk_core/common/avr/timer.c ****     return t;
 170               		.loc 1 84 5 is_stmt 1 view .LVU39
  85:./tmk_keyboard/tmk_core/common/avr/timer.c **** }
 171               		.loc 1 85 1 is_stmt 0 view .LVU40
 172 002a 6981      		ldd r22,Y+1
 173 002c 7A81      		ldd r23,Y+2
 174 002e 8B81      		ldd r24,Y+3
 175 0030 9C81      		ldd r25,Y+4
 176               	/* epilogue start */
 177 0032 0F90      		pop __tmp_reg__
 178 0034 0F90      		pop __tmp_reg__
 179 0036 0F90      		pop __tmp_reg__
 180 0038 0F90      		pop __tmp_reg__
 181 003a DF91      		pop r29
 182 003c CF91      		pop r28
 183 003e 0895      		ret
 184               		.cfi_endproc
 185               	.LFE3:
 187               		.section	.text.timer_elapsed,"ax",@progbits
 188               	.global	timer_elapsed
 190               	timer_elapsed:
 191               	.LVL4:
 192               	.LFB4:
  86:./tmk_keyboard/tmk_core/common/avr/timer.c **** 
  87:./tmk_keyboard/tmk_core/common/avr/timer.c **** inline
  88:./tmk_keyboard/tmk_core/common/avr/timer.c **** uint16_t timer_elapsed(uint16_t last)
  89:./tmk_keyboard/tmk_core/common/avr/timer.c **** {
 193               		.loc 1 89 1 is_stmt 1 view -0
 194               		.cfi_startproc
 195               		.loc 1 89 1 is_stmt 0 view .LVU42
 196 0000 CF92      		push r12
 197               	.LCFI4:
 198               		.cfi_def_cfa_offset 3
 199               		.cfi_offset 12, -2
 200 0002 DF92      		push r13
 201               	.LCFI5:
 202               		.cfi_def_cfa_offset 4
 203               		.cfi_offset 13, -3
 204 0004 EF92      		push r14
 205               	.LCFI6:
 206               		.cfi_def_cfa_offset 5
 207               		.cfi_offset 14, -4
 208 0006 FF92      		push r15
 209               	.LCFI7:
 210               		.cfi_def_cfa_offset 6
 211               		.cfi_offset 15, -5
 212               	/* prologue: function */
 213               	/* frame size = 0 */
 214               	/* stack size = 4 */
 215               	.L__stack_usage = 4
 216 0008 9C01      		movw r18,r24
  90:./tmk_keyboard/tmk_core/common/avr/timer.c ****     uint32_t t;
 217               		.loc 1 90 5 is_stmt 1 view .LVU43
  91:./tmk_keyboard/tmk_core/common/avr/timer.c **** 
  92:./tmk_keyboard/tmk_core/common/avr/timer.c ****     uint8_t sreg = SREG;
 218               		.loc 1 92 5 view .LVU44
 219               		.loc 1 92 13 is_stmt 0 view .LVU45
 220 000a 4FB7      		in r20,__SREG__
 221               	.LVL5:
  93:./tmk_keyboard/tmk_core/common/avr/timer.c ****     cli();
 222               		.loc 1 93 5 is_stmt 1 view .LVU46
 223               	/* #APP */
 224               	 ;  93 "./tmk_keyboard/tmk_core/common/avr/timer.c" 1
 225 000c F894      		cli
 226               	 ;  0 "" 2
  94:./tmk_keyboard/tmk_core/common/avr/timer.c ****     t = timer_count;
 227               		.loc 1 94 5 view .LVU47
 228               		.loc 1 94 7 is_stmt 0 view .LVU48
 229               	/* #NOAPP */
 230 000e 8091 0000 		lds r24,timer_count
 231 0012 9091 0000 		lds r25,timer_count+1
 232 0016 A091 0000 		lds r26,timer_count+2
 233 001a B091 0000 		lds r27,timer_count+3
 234               	.LVL6:
  95:./tmk_keyboard/tmk_core/common/avr/timer.c ****     SREG = sreg;
 235               		.loc 1 95 5 is_stmt 1 view .LVU49
 236               		.loc 1 95 10 is_stmt 0 view .LVU50
 237 001e 4FBF      		out __SREG__,r20
  96:./tmk_keyboard/tmk_core/common/avr/timer.c **** 
  97:./tmk_keyboard/tmk_core/common/avr/timer.c ****     return TIMER_DIFF_16((t & 0xFFFF), last);
 238               		.loc 1 97 5 is_stmt 1 view .LVU51
 239               		.loc 1 97 12 is_stmt 0 view .LVU52
 240 0020 6C01      		movw r12,r24
 241 0022 7D01      		movw r14,r26
 242 0024 EE24      		clr r14
 243 0026 FF24      		clr r15
 244 0028 A901      		movw r20,r18
 245               	.LVL7:
 246               		.loc 1 97 12 view .LVU53
 247 002a 70E0      		ldi r23,0
 248 002c 60E0      		ldi r22,0
 249 002e C416      		cp r12,r20
 250 0030 D506      		cpc r13,r21
 251 0032 E606      		cpc r14,r22
 252 0034 F706      		cpc r15,r23
 253 0036 00F0      		brlo .L6
 254               	.LVL8:
 255               	.L8:
 256               		.loc 1 97 12 discriminator 2 view .LVU54
 257 0038 821B      		sub r24,r18
 258 003a 930B      		sbc r25,r19
 259               	/* epilogue start */
  98:./tmk_keyboard/tmk_core/common/avr/timer.c **** }
 260               		.loc 1 98 1 discriminator 2 view .LVU55
 261 003c FF90      		pop r15
 262 003e EF90      		pop r14
 263 0040 DF90      		pop r13
 264 0042 CF90      		pop r12
 265 0044 0895      		ret
 266               	.LVL9:
 267               	.L6:
  97:./tmk_keyboard/tmk_core/common/avr/timer.c **** }
 268               		.loc 1 97 12 discriminator 2 view .LVU56
 269 0046 0197      		sbiw r24,1
 270               	.LVL10:
  97:./tmk_keyboard/tmk_core/common/avr/timer.c **** }
 271               		.loc 1 97 12 discriminator 2 view .LVU57
 272 0048 00C0      		rjmp .L8
 273               		.cfi_endproc
 274               	.LFE4:
 276               		.section	.text.timer_elapsed32,"ax",@progbits
 277               	.global	timer_elapsed32
 279               	timer_elapsed32:
 280               	.LVL11:
 281               	.LFB5:
  99:./tmk_keyboard/tmk_core/common/avr/timer.c **** 
 100:./tmk_keyboard/tmk_core/common/avr/timer.c **** inline
 101:./tmk_keyboard/tmk_core/common/avr/timer.c **** uint32_t timer_elapsed32(uint32_t last)
 102:./tmk_keyboard/tmk_core/common/avr/timer.c **** {
 282               		.loc 1 102 1 is_stmt 1 view -0
 283               		.cfi_startproc
 284               		.loc 1 102 1 is_stmt 0 view .LVU59
 285 0000 0F93      		push r16
 286               	.LCFI8:
 287               		.cfi_def_cfa_offset 3
 288               		.cfi_offset 16, -2
 289 0002 1F93      		push r17
 290               	.LCFI9:
 291               		.cfi_def_cfa_offset 4
 292               		.cfi_offset 17, -3
 293 0004 CF93      		push r28
 294               	.LCFI10:
 295               		.cfi_def_cfa_offset 5
 296               		.cfi_offset 28, -4
 297 0006 DF93      		push r29
 298               	.LCFI11:
 299               		.cfi_def_cfa_offset 6
 300               		.cfi_offset 29, -5
 301 0008 00D0      		rcall .
 302 000a 00D0      		rcall .
 303               	.LCFI12:
 304               		.cfi_def_cfa_offset 10
 305 000c CDB7      		in r28,__SP_L__
 306 000e DEB7      		in r29,__SP_H__
 307               	.LCFI13:
 308               		.cfi_def_cfa_register 28
 309               	/* prologue: function */
 310               	/* frame size = 4 */
 311               	/* stack size = 8 */
 312               	.L__stack_usage = 8
 313 0010 462F      		mov r20,r22
 314 0012 572F      		mov r21,r23
 315 0014 BC01      		movw r22,r24
 316               	.LVL12:
 103:./tmk_keyboard/tmk_core/common/avr/timer.c ****     uint32_t t;
 317               		.loc 1 103 5 is_stmt 1 view .LVU60
 104:./tmk_keyboard/tmk_core/common/avr/timer.c **** 
 105:./tmk_keyboard/tmk_core/common/avr/timer.c ****     uint8_t sreg = SREG;
 318               		.loc 1 105 5 view .LVU61
 319               		.loc 1 105 13 is_stmt 0 view .LVU62
 320 0016 2FB7      		in r18,__SREG__
 321               	.LVL13:
 106:./tmk_keyboard/tmk_core/common/avr/timer.c ****     cli();
 322               		.loc 1 106 5 is_stmt 1 view .LVU63
 323               	/* #APP */
 324               	 ;  106 "./tmk_keyboard/tmk_core/common/avr/timer.c" 1
 325 0018 F894      		cli
 326               	 ;  0 "" 2
 107:./tmk_keyboard/tmk_core/common/avr/timer.c ****     t = timer_count;
 327               		.loc 1 107 5 view .LVU64
 328               		.loc 1 107 7 is_stmt 0 view .LVU65
 329               	/* #NOAPP */
 330 001a 8091 0000 		lds r24,timer_count
 331 001e 9091 0000 		lds r25,timer_count+1
 332 0022 A091 0000 		lds r26,timer_count+2
 333 0026 B091 0000 		lds r27,timer_count+3
 334               	.LVL14:
 108:./tmk_keyboard/tmk_core/common/avr/timer.c ****     SREG = sreg;
 335               		.loc 1 108 5 is_stmt 1 view .LVU66
 336               		.loc 1 108 10 is_stmt 0 view .LVU67
 337 002a 2FBF      		out __SREG__,r18
 109:./tmk_keyboard/tmk_core/common/avr/timer.c **** 
 110:./tmk_keyboard/tmk_core/common/avr/timer.c ****     return TIMER_DIFF_32(t, last);
 338               		.loc 1 110 5 is_stmt 1 view .LVU68
 339               		.loc 1 110 12 is_stmt 0 view .LVU69
 340 002c 8417      		cp r24,r20
 341 002e 9507      		cpc r25,r21
 342 0030 A607      		cpc r26,r22
 343 0032 B707      		cpc r27,r23
 344 0034 00F0      		brlo .L10
 345               	.LVL15:
 346               	.L12:
 347               		.loc 1 110 12 discriminator 2 view .LVU70
 348 0036 8C01      		movw r16,r24
 349 0038 9D01      		movw r18,r26
 350               	.LVL16:
 351               		.loc 1 110 12 discriminator 2 view .LVU71
 352 003a 041B      		sub r16,r20
 353 003c 150B      		sbc r17,r21
 354 003e 260B      		sbc r18,r22
 355 0040 370B      		sbc r19,r23
 356 0042 0983      		std Y+1,r16
 357 0044 1A83      		std Y+2,r17
 358 0046 2B83      		std Y+3,r18
 359 0048 3C83      		std Y+4,r19
 360               	.LVL17:
 111:./tmk_keyboard/tmk_core/common/avr/timer.c **** }
 361               		.loc 1 111 1 discriminator 2 view .LVU72
 362 004a 6981      		ldd r22,Y+1
 363 004c 7A81      		ldd r23,Y+2
 364 004e 8B81      		ldd r24,Y+3
 365 0050 9C81      		ldd r25,Y+4
 366               	/* epilogue start */
 367 0052 0F90      		pop __tmp_reg__
 368 0054 0F90      		pop __tmp_reg__
 369 0056 0F90      		pop __tmp_reg__
 370 0058 0F90      		pop __tmp_reg__
 371 005a DF91      		pop r29
 372 005c CF91      		pop r28
 373 005e 1F91      		pop r17
 374 0060 0F91      		pop r16
 375 0062 0895      		ret
 376               	.LVL18:
 377               	.L10:
 110:./tmk_keyboard/tmk_core/common/avr/timer.c **** }
 378               		.loc 1 110 12 discriminator 2 view .LVU73
 379 0064 0197      		sbiw r24,1
 380 0066 A109      		sbc r26,__zero_reg__
 381 0068 B109      		sbc r27,__zero_reg__
 382               	.LVL19:
 110:./tmk_keyboard/tmk_core/common/avr/timer.c **** }
 383               		.loc 1 110 12 discriminator 2 view .LVU74
 384 006a 00C0      		rjmp .L12
 385               		.cfi_endproc
 386               	.LFE5:
 388               		.section	.text.__vector_21,"ax",@progbits
 389               	.global	__vector_21
 391               	__vector_21:
 392               	.LFB6:
 112:./tmk_keyboard/tmk_core/common/avr/timer.c **** 
 113:./tmk_keyboard/tmk_core/common/avr/timer.c **** // excecuted once per 1ms.(excess for just timer count?)
 114:./tmk_keyboard/tmk_core/common/avr/timer.c **** ISR(TIMER0_COMPA_vect)
 115:./tmk_keyboard/tmk_core/common/avr/timer.c **** {
 393               		.loc 1 115 1 is_stmt 1 view -0
 394               		.cfi_startproc
 395 0000 1F92 1FB6 		__gcc_isr 1
 395      1F92 1124 
 395      8F93 
 396 000a 9F93      		push r25
 397               	.LCFI14:
 398               		.cfi_def_cfa_offset 3
 399               		.cfi_offset 25, -2
 400 000c AF93      		push r26
 401               	.LCFI15:
 402               		.cfi_def_cfa_offset 4
 403               		.cfi_offset 26, -3
 404 000e BF93      		push r27
 405               	.LCFI16:
 406               		.cfi_def_cfa_offset 5
 407               		.cfi_offset 27, -4
 408               	/* prologue: Signal */
 409               	/* frame size = 0 */
 410               	/* stack size = 3...7 */
 411               	.L__stack_usage = 3 + __gcc_isr.n_pushed
 116:./tmk_keyboard/tmk_core/common/avr/timer.c ****     timer_count++;
 412               		.loc 1 116 5 view .LVU76
 413               		.loc 1 116 16 is_stmt 0 view .LVU77
 414 0010 8091 0000 		lds r24,timer_count
 415 0014 9091 0000 		lds r25,timer_count+1
 416 0018 A091 0000 		lds r26,timer_count+2
 417 001c B091 0000 		lds r27,timer_count+3
 418 0020 0196      		adiw r24,1
 419 0022 A11D      		adc r26,__zero_reg__
 420 0024 B11D      		adc r27,__zero_reg__
 421 0026 8093 0000 		sts timer_count,r24
 422 002a 9093 0000 		sts timer_count+1,r25
 423 002e A093 0000 		sts timer_count+2,r26
 424 0032 B093 0000 		sts timer_count+3,r27
 425               	/* epilogue start */
 117:./tmk_keyboard/tmk_core/common/avr/timer.c **** }
 426               		.loc 1 117 1 view .LVU78
 427 0036 BF91      		pop r27
 428 0038 AF91      		pop r26
 429 003a 9F91      		pop r25
 430 003c 8F91 1F90 		__gcc_isr 2
 430      1FBE 1F90 
 431 0044 1895      		reti
 432               		__gcc_isr 0,r24
 433               		.cfi_endproc
 434               	.LFE6:
 436               	.global	timer_count
 437               		.section	.bss.timer_count,"aw",@nobits
 440               	timer_count:
 441 0000 0000 0000 		.zero	4
 442               		.text
 443               	.Letext0:
 444               		.file 2 "/usr/avr/include/stdint.h"
 445               		.file 3 "./tmk_keyboard/tmk_core/common/timer.h"
DEFINED SYMBOLS
                            *ABS*:0000000000000000 timer.c
     /tmp/cc30Hznn.s:2      *ABS*:000000000000003e __SP_H__
     /tmp/cc30Hznn.s:3      *ABS*:000000000000003d __SP_L__
     /tmp/cc30Hznn.s:4      *ABS*:000000000000003f __SREG__
     /tmp/cc30Hznn.s:5      *ABS*:000000000000003b __RAMPZ__
     /tmp/cc30Hznn.s:6      *ABS*:0000000000000000 __tmp_reg__
     /tmp/cc30Hznn.s:7      *ABS*:0000000000000001 __zero_reg__
     /tmp/cc30Hznn.s:14     .text.timer_init:0000000000000000 timer_init
     /tmp/cc30Hznn.s:47     .text.timer_clear:0000000000000000 timer_clear
     /tmp/cc30Hznn.s:440    .bss.timer_count:0000000000000000 timer_count
     /tmp/cc30Hznn.s:83     .text.timer_read:0000000000000000 timer_read
     /tmp/cc30Hznn.s:121    .text.timer_read32:0000000000000000 timer_read32
     /tmp/cc30Hznn.s:190    .text.timer_elapsed:0000000000000000 timer_elapsed
     /tmp/cc30Hznn.s:279    .text.timer_elapsed32:0000000000000000 timer_elapsed32
     /tmp/cc30Hznn.s:391    .text.__vector_21:0000000000000000 __vector_21
                            *ABS*:0000000000000003 __gcc_isr.n_pushed.001

UNDEFINED SYMBOLS
__do_clear_bss
