   1               		.file	"usb_extra.c"
   2               	__SP_H__ = 0x3e
   3               	__SP_L__ = 0x3d
   4               	__SREG__ = 0x3f
   5               	__RAMPZ__ = 0x3b
   6               	__tmp_reg__ = 0
   7               	__zero_reg__ = 1
   8               		.text
   9               	.Ltext0:
  10               		.cfi_sections	.debug_frame
  11               		.section	.text.usb_extra_send,"ax",@progbits
  12               	.global	usb_extra_send
  14               	usb_extra_send:
  15               	.LVL0:
  16               	.LFB6:
  17               		.file 1 "./tmk_keyboard/tmk_core/protocol/pjrc/usb_extra.c"
   1:./tmk_keyboard/tmk_core/protocol/pjrc/usb_extra.c **** /* USB Keyboard Plus Debug Channel Example for Teensy USB Development Board
   2:./tmk_keyboard/tmk_core/protocol/pjrc/usb_extra.c ****  * http://www.pjrc.com/teensy/usb_keyboard.html
   3:./tmk_keyboard/tmk_core/protocol/pjrc/usb_extra.c ****  * Copyright (c) 2009 PJRC.COM, LLC
   4:./tmk_keyboard/tmk_core/protocol/pjrc/usb_extra.c ****  *
   5:./tmk_keyboard/tmk_core/protocol/pjrc/usb_extra.c ****  * Permission is hereby granted, free of charge, to any person obtaining a copy
   6:./tmk_keyboard/tmk_core/protocol/pjrc/usb_extra.c ****  * of this software and associated documentation files (the "Software"), to deal
   7:./tmk_keyboard/tmk_core/protocol/pjrc/usb_extra.c ****  * in the Software without restriction, including without limitation the rights
   8:./tmk_keyboard/tmk_core/protocol/pjrc/usb_extra.c ****  * to use, copy, modify, merge, publish, distribute, sublicense, and/or sell
   9:./tmk_keyboard/tmk_core/protocol/pjrc/usb_extra.c ****  * copies of the Software, and to permit persons to whom the Software is
  10:./tmk_keyboard/tmk_core/protocol/pjrc/usb_extra.c ****  * furnished to do so, subject to the following conditions:
  11:./tmk_keyboard/tmk_core/protocol/pjrc/usb_extra.c ****  *
  12:./tmk_keyboard/tmk_core/protocol/pjrc/usb_extra.c ****  * The above copyright notice and this permission notice shall be included in
  13:./tmk_keyboard/tmk_core/protocol/pjrc/usb_extra.c ****  * all copies or substantial portions of the Software.
  14:./tmk_keyboard/tmk_core/protocol/pjrc/usb_extra.c ****  *
  15:./tmk_keyboard/tmk_core/protocol/pjrc/usb_extra.c ****  * THE SOFTWARE IS PROVIDED "AS IS", WITHOUT WARRANTY OF ANY KIND, EXPRESS OR
  16:./tmk_keyboard/tmk_core/protocol/pjrc/usb_extra.c ****  * IMPLIED, INCLUDING BUT NOT LIMITED TO THE WARRANTIES OF MERCHANTABILITY,
  17:./tmk_keyboard/tmk_core/protocol/pjrc/usb_extra.c ****  * FITNESS FOR A PARTICULAR PURPOSE AND NONINFRINGEMENT. IN NO EVENT SHALL THE
  18:./tmk_keyboard/tmk_core/protocol/pjrc/usb_extra.c ****  * AUTHORS OR COPYRIGHT HOLDERS BE LIABLE FOR ANY CLAIM, DAMAGES OR OTHER
  19:./tmk_keyboard/tmk_core/protocol/pjrc/usb_extra.c ****  * LIABILITY, WHETHER IN AN ACTION OF CONTRACT, TORT OR OTHERWISE, ARISING FROM,
  20:./tmk_keyboard/tmk_core/protocol/pjrc/usb_extra.c ****  * OUT OF OR IN CONNECTION WITH THE SOFTWARE OR THE USE OR OTHER DEALINGS IN
  21:./tmk_keyboard/tmk_core/protocol/pjrc/usb_extra.c ****  * THE SOFTWARE.
  22:./tmk_keyboard/tmk_core/protocol/pjrc/usb_extra.c ****  */
  23:./tmk_keyboard/tmk_core/protocol/pjrc/usb_extra.c **** 
  24:./tmk_keyboard/tmk_core/protocol/pjrc/usb_extra.c **** #include <util/delay.h>
  25:./tmk_keyboard/tmk_core/protocol/pjrc/usb_extra.c **** #include <avr/interrupt.h>
  26:./tmk_keyboard/tmk_core/protocol/pjrc/usb_extra.c **** #include "host.h"
  27:./tmk_keyboard/tmk_core/protocol/pjrc/usb_extra.c **** #include "usb_extra.h"
  28:./tmk_keyboard/tmk_core/protocol/pjrc/usb_extra.c **** 
  29:./tmk_keyboard/tmk_core/protocol/pjrc/usb_extra.c **** 
  30:./tmk_keyboard/tmk_core/protocol/pjrc/usb_extra.c **** int8_t usb_extra_send(uint8_t report_id, uint16_t data)
  31:./tmk_keyboard/tmk_core/protocol/pjrc/usb_extra.c **** {
  18               		.loc 1 31 1 view -0
  19               		.cfi_startproc
  20               		.loc 1 31 1 is_stmt 0 view .LVU1
  21 0000 FF92      		push r15
  22               	.LCFI0:
  23               		.cfi_def_cfa_offset 3
  24               		.cfi_offset 15, -2
  25 0002 0F93      		push r16
  26               	.LCFI1:
  27               		.cfi_def_cfa_offset 4
  28               		.cfi_offset 16, -3
  29 0004 1F93      		push r17
  30               	.LCFI2:
  31               		.cfi_def_cfa_offset 5
  32               		.cfi_offset 17, -4
  33 0006 CF93      		push r28
  34               	.LCFI3:
  35               		.cfi_def_cfa_offset 6
  36               		.cfi_offset 28, -5
  37 0008 DF93      		push r29
  38               	.LCFI4:
  39               		.cfi_def_cfa_offset 7
  40               		.cfi_offset 29, -6
  41               	/* prologue: function */
  42               	/* frame size = 0 */
  43               	/* stack size = 5 */
  44               	.L__stack_usage = 5
  45 000a 182F      		mov r17,r24
  46 000c D62F      		mov r29,r22
  47 000e C72F      		mov r28,r23
  32:./tmk_keyboard/tmk_core/protocol/pjrc/usb_extra.c **** 	uint8_t intr_state, timeout;
  48               		.loc 1 32 2 is_stmt 1 view .LVU2
  33:./tmk_keyboard/tmk_core/protocol/pjrc/usb_extra.c **** 
  34:./tmk_keyboard/tmk_core/protocol/pjrc/usb_extra.c **** 	if (!usb_configured()) return -1;
  49               		.loc 1 34 2 view .LVU3
  50               		.loc 1 34 7 is_stmt 0 view .LVU4
  51 0010 0E94 0000 		call usb_configured
  52               	.LVL1:
  53               		.loc 1 34 5 view .LVU5
  54 0014 8111      		cpse r24,__zero_reg__
  55 0016 00C0      		rjmp .L2
  56               	.L5:
  57               		.loc 1 34 32 view .LVU6
  58 0018 8FEF      		ldi r24,lo8(-1)
  59               	.L1:
  60               	/* epilogue start */
  35:./tmk_keyboard/tmk_core/protocol/pjrc/usb_extra.c **** 	intr_state = SREG;
  36:./tmk_keyboard/tmk_core/protocol/pjrc/usb_extra.c **** 	cli();
  37:./tmk_keyboard/tmk_core/protocol/pjrc/usb_extra.c **** 	UENUM = EXTRA_ENDPOINT;
  38:./tmk_keyboard/tmk_core/protocol/pjrc/usb_extra.c **** 	timeout = UDFNUML + 50;
  39:./tmk_keyboard/tmk_core/protocol/pjrc/usb_extra.c **** 	while (1) {
  40:./tmk_keyboard/tmk_core/protocol/pjrc/usb_extra.c **** 		// are we ready to transmit?
  41:./tmk_keyboard/tmk_core/protocol/pjrc/usb_extra.c **** 		if (UEINTX & (1<<RWAL)) break;
  42:./tmk_keyboard/tmk_core/protocol/pjrc/usb_extra.c **** 		SREG = intr_state;
  43:./tmk_keyboard/tmk_core/protocol/pjrc/usb_extra.c **** 		// has the USB gone offline?
  44:./tmk_keyboard/tmk_core/protocol/pjrc/usb_extra.c **** 		if (!usb_configured()) return -1;
  45:./tmk_keyboard/tmk_core/protocol/pjrc/usb_extra.c **** 		// have we waited too long?
  46:./tmk_keyboard/tmk_core/protocol/pjrc/usb_extra.c **** 		if (UDFNUML == timeout) return -1;
  47:./tmk_keyboard/tmk_core/protocol/pjrc/usb_extra.c **** 		// get ready to try checking again
  48:./tmk_keyboard/tmk_core/protocol/pjrc/usb_extra.c **** 		intr_state = SREG;
  49:./tmk_keyboard/tmk_core/protocol/pjrc/usb_extra.c **** 		cli();
  50:./tmk_keyboard/tmk_core/protocol/pjrc/usb_extra.c **** 		UENUM = EXTRA_ENDPOINT;
  51:./tmk_keyboard/tmk_core/protocol/pjrc/usb_extra.c **** 	}
  52:./tmk_keyboard/tmk_core/protocol/pjrc/usb_extra.c **** 
  53:./tmk_keyboard/tmk_core/protocol/pjrc/usb_extra.c **** 	UEDATX = report_id;
  54:./tmk_keyboard/tmk_core/protocol/pjrc/usb_extra.c ****         UEDATX = data&0xFF;
  55:./tmk_keyboard/tmk_core/protocol/pjrc/usb_extra.c ****         UEDATX = (data>>8)&0xFF;
  56:./tmk_keyboard/tmk_core/protocol/pjrc/usb_extra.c **** 
  57:./tmk_keyboard/tmk_core/protocol/pjrc/usb_extra.c **** 	UEINTX = 0x3A;
  58:./tmk_keyboard/tmk_core/protocol/pjrc/usb_extra.c **** 	SREG = intr_state;
  59:./tmk_keyboard/tmk_core/protocol/pjrc/usb_extra.c **** 	return 0;
  60:./tmk_keyboard/tmk_core/protocol/pjrc/usb_extra.c **** }
  61               		.loc 1 60 1 view .LVU7
  62 001a DF91      		pop r29
  63 001c CF91      		pop r28
  64 001e 1F91      		pop r17
  65               	.LVL2:
  66               		.loc 1 60 1 view .LVU8
  67 0020 0F91      		pop r16
  68 0022 FF90      		pop r15
  69 0024 0895      		ret
  70               	.LVL3:
  71               	.L2:
  35:./tmk_keyboard/tmk_core/protocol/pjrc/usb_extra.c **** 	intr_state = SREG;
  72               		.loc 1 35 2 is_stmt 1 view .LVU9
  35:./tmk_keyboard/tmk_core/protocol/pjrc/usb_extra.c **** 	intr_state = SREG;
  73               		.loc 1 35 13 is_stmt 0 view .LVU10
  74 0026 9FB7      		in r25,__SREG__
  75               	.LVL4:
  36:./tmk_keyboard/tmk_core/protocol/pjrc/usb_extra.c **** 	UENUM = EXTRA_ENDPOINT;
  76               		.loc 1 36 2 is_stmt 1 view .LVU11
  77               	/* #APP */
  78               	 ;  36 "./tmk_keyboard/tmk_core/protocol/pjrc/usb_extra.c" 1
  79 0028 F894      		cli
  80               	 ;  0 "" 2
  37:./tmk_keyboard/tmk_core/protocol/pjrc/usb_extra.c **** 	timeout = UDFNUML + 50;
  81               		.loc 1 37 2 view .LVU12
  37:./tmk_keyboard/tmk_core/protocol/pjrc/usb_extra.c **** 	timeout = UDFNUML + 50;
  82               		.loc 1 37 8 is_stmt 0 view .LVU13
  83               	/* #NOAPP */
  84 002a 84E0      		ldi r24,lo8(4)
  85 002c 8093 E900 		sts 233,r24
  38:./tmk_keyboard/tmk_core/protocol/pjrc/usb_extra.c **** 	while (1) {
  86               		.loc 1 38 2 is_stmt 1 view .LVU14
  38:./tmk_keyboard/tmk_core/protocol/pjrc/usb_extra.c **** 	while (1) {
  87               		.loc 1 38 12 is_stmt 0 view .LVU15
  88 0030 0091 E400 		lds r16,228
  38:./tmk_keyboard/tmk_core/protocol/pjrc/usb_extra.c **** 	while (1) {
  89               		.loc 1 38 10 view .LVU16
  90 0034 0E5C      		subi r16,lo8(-(50))
  91               	.LVL5:
  50:./tmk_keyboard/tmk_core/protocol/pjrc/usb_extra.c **** 	}
  92               		.loc 1 50 9 view .LVU17
  93 0036 84E0      		ldi r24,lo8(4)
  94 0038 F82E      		mov r15,r24
  95               	.L6:
  39:./tmk_keyboard/tmk_core/protocol/pjrc/usb_extra.c **** 		// are we ready to transmit?
  96               		.loc 1 39 2 is_stmt 1 view .LVU18
  41:./tmk_keyboard/tmk_core/protocol/pjrc/usb_extra.c **** 		SREG = intr_state;
  97               		.loc 1 41 3 view .LVU19
  41:./tmk_keyboard/tmk_core/protocol/pjrc/usb_extra.c **** 		SREG = intr_state;
  98               		.loc 1 41 7 is_stmt 0 view .LVU20
  99 003a 8091 E800 		lds r24,232
  41:./tmk_keyboard/tmk_core/protocol/pjrc/usb_extra.c **** 		SREG = intr_state;
 100               		.loc 1 41 6 view .LVU21
 101 003e 85FD      		sbrc r24,5
 102 0040 00C0      		rjmp .L4
  42:./tmk_keyboard/tmk_core/protocol/pjrc/usb_extra.c **** 		// has the USB gone offline?
 103               		.loc 1 42 3 is_stmt 1 view .LVU22
  42:./tmk_keyboard/tmk_core/protocol/pjrc/usb_extra.c **** 		// has the USB gone offline?
 104               		.loc 1 42 8 is_stmt 0 view .LVU23
 105 0042 9FBF      		out __SREG__,r25
  44:./tmk_keyboard/tmk_core/protocol/pjrc/usb_extra.c **** 		// have we waited too long?
 106               		.loc 1 44 3 is_stmt 1 view .LVU24
  44:./tmk_keyboard/tmk_core/protocol/pjrc/usb_extra.c **** 		// have we waited too long?
 107               		.loc 1 44 8 is_stmt 0 view .LVU25
 108 0044 0E94 0000 		call usb_configured
 109               	.LVL6:
  44:./tmk_keyboard/tmk_core/protocol/pjrc/usb_extra.c **** 		// have we waited too long?
 110               		.loc 1 44 6 view .LVU26
 111 0048 8823      		tst r24
 112 004a 01F0      		breq .L5
  46:./tmk_keyboard/tmk_core/protocol/pjrc/usb_extra.c **** 		// get ready to try checking again
 113               		.loc 1 46 3 is_stmt 1 view .LVU27
  46:./tmk_keyboard/tmk_core/protocol/pjrc/usb_extra.c **** 		// get ready to try checking again
 114               		.loc 1 46 7 is_stmt 0 view .LVU28
 115 004c 8091 E400 		lds r24,228
  46:./tmk_keyboard/tmk_core/protocol/pjrc/usb_extra.c **** 		// get ready to try checking again
 116               		.loc 1 46 6 view .LVU29
 117 0050 8017      		cp r24,r16
 118 0052 01F0      		breq .L5
  48:./tmk_keyboard/tmk_core/protocol/pjrc/usb_extra.c **** 		cli();
 119               		.loc 1 48 3 is_stmt 1 view .LVU30
  48:./tmk_keyboard/tmk_core/protocol/pjrc/usb_extra.c **** 		cli();
 120               		.loc 1 48 14 is_stmt 0 view .LVU31
 121 0054 9FB7      		in r25,__SREG__
 122               	.LVL7:
  49:./tmk_keyboard/tmk_core/protocol/pjrc/usb_extra.c **** 		UENUM = EXTRA_ENDPOINT;
 123               		.loc 1 49 3 is_stmt 1 view .LVU32
 124               	/* #APP */
 125               	 ;  49 "./tmk_keyboard/tmk_core/protocol/pjrc/usb_extra.c" 1
 126 0056 F894      		cli
 127               	 ;  0 "" 2
  50:./tmk_keyboard/tmk_core/protocol/pjrc/usb_extra.c **** 	}
 128               		.loc 1 50 3 view .LVU33
  50:./tmk_keyboard/tmk_core/protocol/pjrc/usb_extra.c **** 	}
 129               		.loc 1 50 9 is_stmt 0 view .LVU34
 130               	/* #NOAPP */
 131 0058 F092 E900 		sts 233,r15
  39:./tmk_keyboard/tmk_core/protocol/pjrc/usb_extra.c **** 		// are we ready to transmit?
 132               		.loc 1 39 8 is_stmt 1 view .LVU35
  41:./tmk_keyboard/tmk_core/protocol/pjrc/usb_extra.c **** 		SREG = intr_state;
 133               		.loc 1 41 6 is_stmt 0 view .LVU36
 134 005c 00C0      		rjmp .L6
 135               	.L4:
  53:./tmk_keyboard/tmk_core/protocol/pjrc/usb_extra.c ****         UEDATX = data&0xFF;
 136               		.loc 1 53 2 is_stmt 1 view .LVU37
  53:./tmk_keyboard/tmk_core/protocol/pjrc/usb_extra.c ****         UEDATX = data&0xFF;
 137               		.loc 1 53 9 is_stmt 0 view .LVU38
 138 005e 1093 F100 		sts 241,r17
  54:./tmk_keyboard/tmk_core/protocol/pjrc/usb_extra.c ****         UEDATX = (data>>8)&0xFF;
 139               		.loc 1 54 9 is_stmt 1 view .LVU39
  54:./tmk_keyboard/tmk_core/protocol/pjrc/usb_extra.c ****         UEDATX = (data>>8)&0xFF;
 140               		.loc 1 54 16 is_stmt 0 view .LVU40
 141 0062 D093 F100 		sts 241,r29
  55:./tmk_keyboard/tmk_core/protocol/pjrc/usb_extra.c **** 
 142               		.loc 1 55 9 is_stmt 1 view .LVU41
  55:./tmk_keyboard/tmk_core/protocol/pjrc/usb_extra.c **** 
 143               		.loc 1 55 16 is_stmt 0 view .LVU42
 144 0066 C093 F100 		sts 241,r28
  57:./tmk_keyboard/tmk_core/protocol/pjrc/usb_extra.c **** 	SREG = intr_state;
 145               		.loc 1 57 2 is_stmt 1 view .LVU43
  57:./tmk_keyboard/tmk_core/protocol/pjrc/usb_extra.c **** 	SREG = intr_state;
 146               		.loc 1 57 9 is_stmt 0 view .LVU44
 147 006a 8AE3      		ldi r24,lo8(58)
 148 006c 8093 E800 		sts 232,r24
  58:./tmk_keyboard/tmk_core/protocol/pjrc/usb_extra.c **** 	return 0;
 149               		.loc 1 58 2 is_stmt 1 view .LVU45
  58:./tmk_keyboard/tmk_core/protocol/pjrc/usb_extra.c **** 	return 0;
 150               		.loc 1 58 7 is_stmt 0 view .LVU46
 151 0070 9FBF      		out __SREG__,r25
  59:./tmk_keyboard/tmk_core/protocol/pjrc/usb_extra.c **** }
 152               		.loc 1 59 2 is_stmt 1 view .LVU47
  59:./tmk_keyboard/tmk_core/protocol/pjrc/usb_extra.c **** }
 153               		.loc 1 59 9 is_stmt 0 view .LVU48
 154 0072 80E0      		ldi r24,0
 155 0074 00C0      		rjmp .L1
 156               		.cfi_endproc
 157               	.LFE6:
 159               		.section	.text.usb_extra_consumer_send,"ax",@progbits
 160               	.global	usb_extra_consumer_send
 162               	usb_extra_consumer_send:
 163               	.LVL8:
 164               	.LFB7:
  61:./tmk_keyboard/tmk_core/protocol/pjrc/usb_extra.c **** 
  62:./tmk_keyboard/tmk_core/protocol/pjrc/usb_extra.c **** int8_t usb_extra_consumer_send(uint16_t bits)
  63:./tmk_keyboard/tmk_core/protocol/pjrc/usb_extra.c **** {
 165               		.loc 1 63 1 is_stmt 1 view -0
 166               		.cfi_startproc
 167               	/* prologue: function */
 168               	/* frame size = 0 */
 169               	/* stack size = 0 */
 170               	.L__stack_usage = 0
 171               		.loc 1 63 1 is_stmt 0 view .LVU50
 172 0000 BC01      		movw r22,r24
  64:./tmk_keyboard/tmk_core/protocol/pjrc/usb_extra.c **** 	return usb_extra_send(REPORT_ID_CONSUMER, bits);
 173               		.loc 1 64 2 is_stmt 1 view .LVU51
 174               		.loc 1 64 9 is_stmt 0 view .LVU52
 175 0002 83E0      		ldi r24,lo8(3)
 176               	.LVL9:
 177               		.loc 1 64 9 view .LVU53
 178 0004 0C94 0000 		jmp usb_extra_send
 179               	.LVL10:
 180               		.loc 1 64 9 view .LVU54
 181               		.cfi_endproc
 182               	.LFE7:
 184               		.section	.text.usb_extra_system_send,"ax",@progbits
 185               	.global	usb_extra_system_send
 187               	usb_extra_system_send:
 188               	.LVL11:
 189               	.LFB8:
  65:./tmk_keyboard/tmk_core/protocol/pjrc/usb_extra.c **** }
  66:./tmk_keyboard/tmk_core/protocol/pjrc/usb_extra.c **** 
  67:./tmk_keyboard/tmk_core/protocol/pjrc/usb_extra.c **** int8_t usb_extra_system_send(uint16_t bits)
  68:./tmk_keyboard/tmk_core/protocol/pjrc/usb_extra.c **** {
 190               		.loc 1 68 1 is_stmt 1 view -0
 191               		.cfi_startproc
 192               	/* prologue: function */
 193               	/* frame size = 0 */
 194               	/* stack size = 0 */
 195               	.L__stack_usage = 0
 196               		.loc 1 68 1 is_stmt 0 view .LVU56
 197 0000 BC01      		movw r22,r24
  69:./tmk_keyboard/tmk_core/protocol/pjrc/usb_extra.c **** 	return usb_extra_send(REPORT_ID_SYSTEM, bits);
 198               		.loc 1 69 2 is_stmt 1 view .LVU57
 199               		.loc 1 69 9 is_stmt 0 view .LVU58
 200 0002 82E0      		ldi r24,lo8(2)
 201               	.LVL12:
 202               		.loc 1 69 9 view .LVU59
 203 0004 0C94 0000 		jmp usb_extra_send
 204               	.LVL13:
 205               		.loc 1 69 9 view .LVU60
 206               		.cfi_endproc
 207               	.LFE8:
 209               		.text
 210               	.Letext0:
 211               		.file 2 "/usr/avr/include/stdint.h"
 212               		.file 3 "./tmk_keyboard/tmk_core/protocol/pjrc/usb.h"
DEFINED SYMBOLS
                            *ABS*:0000000000000000 usb_extra.c
     /tmp/ccfkPWkR.s:2      *ABS*:000000000000003e __SP_H__
     /tmp/ccfkPWkR.s:3      *ABS*:000000000000003d __SP_L__
     /tmp/ccfkPWkR.s:4      *ABS*:000000000000003f __SREG__
     /tmp/ccfkPWkR.s:5      *ABS*:000000000000003b __RAMPZ__
     /tmp/ccfkPWkR.s:6      *ABS*:0000000000000000 __tmp_reg__
     /tmp/ccfkPWkR.s:7      *ABS*:0000000000000001 __zero_reg__
     /tmp/ccfkPWkR.s:14     .text.usb_extra_send:0000000000000000 usb_extra_send
     /tmp/ccfkPWkR.s:162    .text.usb_extra_consumer_send:0000000000000000 usb_extra_consumer_send
     /tmp/ccfkPWkR.s:187    .text.usb_extra_system_send:0000000000000000 usb_extra_system_send

UNDEFINED SYMBOLS
usb_configured
